000 (2004.000.000) 05/23 16:55:23 Job submitted from host: <10.0.0.1:34627>
...
001 (2004.000.000) 05/23 16:55:44 Job executing on host: <10.0.0.3:32772>
...
006 (2004.000.000) 05/23 16:55:52 Image size of job updated: 53424
...
006 (2004.000.000) 05/23 17:15:52 Image size of job updated: 110056
...
006 (2004.000.000) 05/23 17:35:52 Image size of job updated: 117028
...
006 (2004.000.000) 05/24 03:35:49 Image size of job updated: 121980
...
006 (2004.000.000) 05/24 04:15:49 Image size of job updated: 224828
...
006 (2004.000.000) 05/24 04:55:49 Image size of job updated: 224836
...
006 (2004.000.000) 05/25 05:15:40 Image size of job updated: 255592
...
005 (2004.000.000) 05/25 06:01:59 Job terminated.
	(1) Normal termination (return value 0)
		Usr 1 00:53:22, Sys 0 00:07:51  -  Run Remote Usage
		Usr 0 00:00:00, Sys 0 00:00:00  -  Run Local Usage
		Usr 1 00:53:22, Sys 0 00:07:51  -  Total Remote Usage
		Usr 0 00:00:00, Sys 0 00:00:00  -  Total Local Usage
	0  -  Run Bytes Sent By Job
	0  -  Run Bytes Received By Job
	0  -  Total Bytes Sent By Job
	0  -  Total Bytes Received By Job
...
000 (2029.000.000) 05/26 13:21:08 Job submitted from host: <10.0.0.1:34627>
...
001 (2029.000.000) 05/26 13:24:22 Job executing on host: <10.0.0.2:32772>
...
006 (2029.000.000) 05/26 13:24:30 Image size of job updated: 53512
...
004 (2029.000.000) 05/26 13:28:56 Job was evicted.
	(0) Job was not checkpointed.
		Usr 0 00:02:50, Sys 0 00:00:06  -  Run Remote Usage
		Usr 0 00:00:00, Sys 0 00:00:00  -  Run Local Usage
	0  -  Run Bytes Sent By Job
	0  -  Run Bytes Received By Job
...
009 (2029.000.000) 05/26 13:28:57 Job was aborted by the user.
	via condor_rm (by user jmao)
...
000 (2031.000.000) 05/26 13:34:08 Job submitted from host: <10.0.0.1:34627>
...
001 (2031.000.000) 05/26 13:34:14 Job executing on host: <10.0.0.2:32772>
...
006 (2031.000.000) 05/26 13:34:22 Image size of job updated: 53512
...
004 (2031.000.000) 05/26 13:34:27 Job was evicted.
	(0) Job was not checkpointed.
		Usr 0 00:00:00, Sys 0 00:00:02  -  Run Remote Usage
		Usr 0 00:00:00, Sys 0 00:00:00  -  Run Local Usage
	0  -  Run Bytes Sent By Job
	0  -  Run Bytes Received By Job
...
009 (2031.000.000) 05/26 13:34:28 Job was aborted by the user.
	via condor_rm (by user jmao)
...
000 (2032.000.000) 05/26 13:36:23 Job submitted from host: <10.0.0.1:34627>
...
001 (2032.000.000) 05/26 13:36:29 Job executing on host: <10.0.0.2:32772>
...
006 (2032.000.000) 05/26 13:36:37 Image size of job updated: 53520
...
006 (2032.000.000) 05/26 13:56:37 Image size of job updated: 113088
...
006 (2032.000.000) 05/26 21:16:36 Image size of job updated: 118784
...
006 (2032.000.000) 05/26 21:36:36 Image size of job updated: 123188
...
006 (2032.000.000) 05/26 21:56:36 Image size of job updated: 228800
...
006 (2032.000.000) 05/26 22:16:36 Image size of job updated: 228804
...
006 (2032.000.000) 05/27 00:16:35 Image size of job updated: 228836
...
005 (2032.000.000) 05/27 13:04:58 Job terminated.
	(1) Normal termination (return value 255)
		Usr 0 16:36:43, Sys 0 00:03:52  -  Run Remote Usage
		Usr 0 00:00:00, Sys 0 00:00:00  -  Run Local Usage
		Usr 0 16:36:43, Sys 0 00:03:52  -  Total Remote Usage
		Usr 0 00:00:00, Sys 0 00:00:00  -  Total Local Usage
	0  -  Run Bytes Sent By Job
	0  -  Run Bytes Received By Job
	0  -  Total Bytes Sent By Job
	0  -  Total Bytes Received By Job
...
000 (2044.000.000) 05/27 13:09:26 Job submitted from host: <10.0.0.1:34627>
...
001 (2044.000.000) 05/27 13:09:35 Job executing on host: <10.0.0.3:32772>
...
006 (2044.000.000) 05/27 13:09:44 Image size of job updated: 53516
...
006 (2044.000.000) 05/27 13:29:43 Image size of job updated: 176520
...
006 (2044.000.000) 05/27 17:09:41 Image size of job updated: 176532
...
006 (2044.000.000) 05/28 12:09:35 Image size of job updated: 226620
...
005 (2044.000.000) 05/28 12:59:58 Job terminated.
	(1) Normal termination (return value 0)
		Usr 0 12:51:52, Sys 0 00:03:37  -  Run Remote Usage
		Usr 0 00:00:00, Sys 0 00:00:00  -  Run Local Usage
		Usr 0 12:51:52, Sys 0 00:03:37  -  Total Remote Usage
		Usr 0 00:00:00, Sys 0 00:00:00  -  Total Local Usage
	0  -  Run Bytes Sent By Job
	0  -  Run Bytes Received By Job
	0  -  Total Bytes Sent By Job
	0  -  Total Bytes Received By Job
...
000 (2047.000.000) 05/31 10:54:50 Job submitted from host: <10.0.0.1:34627>
...
001 (2047.000.000) 05/31 10:54:55 Job executing on host: <10.0.0.2:32772>
...
006 (2047.000.000) 05/31 10:55:03 Image size of job updated: 53520
...
004 (2047.000.000) 05/31 11:00:01 Job was evicted.
	(0) Job was not checkpointed.
		Usr 0 00:00:29, Sys 0 00:00:19  -  Run Remote Usage
		Usr 0 00:00:00, Sys 0 00:00:00  -  Run Local Usage
	0  -  Run Bytes Sent By Job
	0  -  Run Bytes Received By Job
...
009 (2047.000.000) 05/31 11:00:02 Job was aborted by the user.
	via condor_rm (by user jmao)
...
000 (2048.000.000) 05/31 11:04:44 Job submitted from host: <10.0.0.1:34627>
...
001 (2048.000.000) 05/31 11:10:02 Job executing on host: <10.0.0.2:32772>
...
006 (2048.000.000) 05/31 11:10:10 Image size of job updated: 53520
...
006 (2048.000.000) 05/31 11:30:10 Image size of job updated: 127296
...
006 (2048.000.000) 05/31 15:30:09 Image size of job updated: 190364
...
006 (2048.000.000) 06/01 11:50:04 Image size of job updated: 203804
...
005 (2048.000.000) 06/01 13:23:28 Job terminated.
	(1) Normal termination (return value 0)
		Usr 1 02:01:12, Sys 0 00:11:39  -  Run Remote Usage
		Usr 0 00:00:00, Sys 0 00:00:00  -  Run Local Usage
		Usr 1 02:01:12, Sys 0 00:11:39  -  Total Remote Usage
		Usr 0 00:00:00, Sys 0 00:00:00  -  Total Local Usage
	0  -  Run Bytes Sent By Job
	0  -  Run Bytes Received By Job
	0  -  Total Bytes Sent By Job
	0  -  Total Bytes Received By Job
...
000 (2057.000.000) 06/02 11:33:58 Job submitted from host: <10.0.0.1:34627>
...
001 (2057.000.000) 06/02 11:34:02 Job executing on host: <10.0.0.2:32772>
...
006 (2057.000.000) 06/02 11:34:10 Image size of job updated: 53512
...
006 (2057.000.000) 06/02 11:54:10 Image size of job updated: 355536
...
006 (2057.000.000) 06/02 12:34:10 Image size of job updated: 355632
...
004 (2057.000.000) 06/06 09:04:49 Job was evicted.
	(0) Job was not checkpointed.
		Usr 3 05:14:52, Sys 0 00:06:07  -  Run Remote Usage
		Usr 0 00:00:00, Sys 0 00:00:00  -  Run Local Usage
	0  -  Run Bytes Sent By Job
	0  -  Run Bytes Received By Job
...
009 (2057.000.000) 06/06 09:04:49 Job was aborted by the user.
	via condor_rm (by user jmao)
...
000 (2075.000.000) 06/06 09:14:53 Job submitted from host: <10.0.0.1:34627>
...
001 (2075.000.000) 06/06 09:14:59 Job executing on host: <10.0.0.2:32772>
...
006 (2075.000.000) 06/06 09:15:07 Image size of job updated: 53516
...
006 (2075.000.000) 06/06 09:35:07 Image size of job updated: 327704
...
006 (2075.000.000) 06/06 09:55:07 Image size of job updated: 327712
...
006 (2075.000.000) 06/06 11:15:07 Image size of job updated: 327720
...
006 (2075.000.000) 06/06 14:55:06 Image size of job updated: 327728
...
006 (2075.000.000) 06/09 20:14:46 Image size of job updated: 428152
...
005 (2075.000.000) 06/09 21:41:24 Job terminated.
	(1) Normal termination (return value 0)
		Usr 2 17:35:02, Sys 0 00:07:35  -  Run Remote Usage
		Usr 0 00:00:00, Sys 0 00:00:00  -  Run Local Usage
		Usr 2 17:35:02, Sys 0 00:07:35  -  Total Remote Usage
		Usr 0 00:00:00, Sys 0 00:00:00  -  Total Local Usage
	0  -  Run Bytes Sent By Job
	0  -  Run Bytes Received By Job
	0  -  Total Bytes Sent By Job
	0  -  Total Bytes Received By Job
...
000 (2099.000.000) 06/13 13:11:24 Job submitted from host: <10.0.0.1:34627>
...
001 (2099.000.000) 06/13 13:11:35 Job executing on host: <10.0.0.3:32772>
...
006 (2099.000.000) 06/13 13:11:43 Image size of job updated: 53516
...
004 (2099.000.000) 06/13 13:27:56 Job was evicted.
	(0) Job was not checkpointed.
		Usr 0 00:15:18, Sys 0 00:00:12  -  Run Remote Usage
		Usr 0 00:00:00, Sys 0 00:00:00  -  Run Local Usage
	0  -  Run Bytes Sent By Job
	0  -  Run Bytes Received By Job
...
009 (2099.000.000) 06/13 13:27:57 Job was aborted by the user.
	via condor_rm (by user jmao)
...
000 (2100.000.000) 06/13 13:28:11 Job submitted from host: <10.0.0.1:34627>
...
001 (2100.000.000) 06/13 13:28:15 Job executing on host: <10.0.0.3:32772>
...
006 (2100.000.000) 06/13 13:28:23 Image size of job updated: 53520
...
006 (2100.000.000) 06/13 13:48:23 Image size of job updated: 66272
...
006 (2100.000.000) 06/13 14:48:23 Image size of job updated: 72200
...
006 (2100.000.000) 06/13 15:08:22 Image size of job updated: 107748
...
006 (2100.000.000) 06/13 15:48:22 Image size of job updated: 107772
...
006 (2100.000.000) 06/13 16:28:22 Image size of job updated: 107780
...
006 (2100.000.000) 06/13 19:48:21 Image size of job updated: 374492
...
005 (2100.000.000) 06/13 20:19:56 Job terminated.
	(1) Normal termination (return value 0)
		Usr 0 02:26:00, Sys 0 00:01:38  -  Run Remote Usage
		Usr 0 00:00:00, Sys 0 00:00:00  -  Run Local Usage
		Usr 0 02:26:00, Sys 0 00:01:38  -  Total Remote Usage
		Usr 0 00:00:00, Sys 0 00:00:00  -  Total Local Usage
	0  -  Run Bytes Sent By Job
	0  -  Run Bytes Received By Job
	0  -  Total Bytes Sent By Job
	0  -  Total Bytes Received By Job
...
000 (2101.000.000) 06/15 15:19:45 Job submitted from host: <10.0.0.1:34627>
...
001 (2101.000.000) 06/15 15:19:52 Job executing on host: <10.0.0.3:32772>
...
006 (2101.000.000) 06/15 15:20:00 Image size of job updated: 53520
...
006 (2101.000.000) 06/15 15:40:00 Image size of job updated: 114664
...
006 (2101.000.000) 06/15 16:00:00 Image size of job updated: 115940
...
006 (2101.000.000) 06/16 03:19:56 Image size of job updated: 121396
...
006 (2101.000.000) 06/16 03:39:56 Image size of job updated: 224728
...
006 (2101.000.000) 06/16 04:39:55 Image size of job updated: 224768
...
006 (2101.000.000) 06/17 07:19:45 Image size of job updated: 301608
...
006 (2101.000.000) 06/17 07:39:45 Image size of job updated: 341020
...
005 (2101.000.000) 06/17 08:51:45 Job terminated.
	(1) Normal termination (return value 0)
		Usr 1 03:29:10, Sys 0 00:08:37  -  Run Remote Usage
		Usr 0 00:00:00, Sys 0 00:00:00  -  Run Local Usage
		Usr 1 03:29:10, Sys 0 00:08:37  -  Total Remote Usage
		Usr 0 00:00:00, Sys 0 00:00:00  -  Total Local Usage
	0  -  Run Bytes Sent By Job
	0  -  Run Bytes Received By Job
	0  -  Total Bytes Sent By Job
	0  -  Total Bytes Received By Job
...
000 (2507.000.000) 07/25 13:45:59 Job submitted from host: <10.0.0.1:32792>
...
001 (2507.000.000) 07/25 13:46:16 Job executing on host: <10.0.0.6:32771>
...
006 (2507.000.000) 07/25 13:46:24 Image size of job updated: 53488
...
006 (2507.000.000) 07/25 14:06:24 Image size of job updated: 115908
...
000 (2514.000.000) 07/25 18:12:55 Job submitted from host: <10.0.0.1:32792>
...
001 (2514.000.000) 07/25 18:13:02 Job executing on host: <10.0.0.5:32771>
...
006 (2514.000.000) 07/25 18:13:10 Image size of job updated: 53528
...
006 (2514.000.000) 07/25 18:33:10 Image size of job updated: 110124
...
006 (2514.000.000) 07/25 18:53:10 Image size of job updated: 112976
...
006 (2514.000.000) 07/25 19:33:10 Image size of job updated: 208164
...
006 (2514.000.000) 07/26 08:13:06 Image size of job updated: 208168
...
006 (2514.000.000) 07/26 17:13:03 Image size of job updated: 267380
...
005 (2514.000.000) 07/26 18:56:30 Job terminated.
	(1) Normal termination (return value 0)
		Usr 0 12:14:57, Sys 0 00:05:55  -  Run Remote Usage
		Usr 0 00:00:00, Sys 0 00:00:00  -  Run Local Usage
		Usr 0 12:14:57, Sys 0 00:05:55  -  Total Remote Usage
		Usr 0 00:00:00, Sys 0 00:00:00  -  Total Local Usage
	0  -  Run Bytes Sent By Job
	0  -  Run Bytes Received By Job
	0  -  Total Bytes Sent By Job
	0  -  Total Bytes Received By Job
...
000 (2603.000.000) 08/02 17:56:57 Job submitted from host: <10.0.0.1:32792>
...
001 (2603.000.000) 08/02 18:17:06 Job executing on host: <10.0.0.17:32845>
...
006 (2603.000.000) 08/02 18:17:14 Image size of job updated: 53512
...
006 (2603.000.000) 08/02 18:37:14 Image size of job updated: 85308
...
006 (2603.000.000) 08/02 19:37:15 Image size of job updated: 85312
...
006 (2603.000.000) 08/02 20:57:16 Image size of job updated: 85316
...
006 (2603.000.000) 08/04 18:57:51 Image size of job updated: 221740
...
007 (2603.000.000) 08/05 17:25:12 Shadow exception!
	Can no longer talk to condor_starter on execute machine (10.0.0.17)
	0  -  Run Bytes Sent By Job
	0  -  Run Bytes Received By Job
...
001 (2603.000.000) 08/07 12:40:01 Job executing on host: <10.0.0.2:32770>
...
006 (2603.000.000) 08/07 13:00:09 Image size of job updated: 85008
...
006 (2603.000.000) 08/07 13:20:09 Image size of job updated: 85024
...
004 (2603.000.000) 08/08 11:12:45 Job was evicted.
	(0) Job was not checkpointed.
		Usr 0 22:23:25, Sys 0 00:01:41  -  Run Remote Usage
		Usr 0 00:00:00, Sys 0 00:00:00  -  Run Local Usage
	0  -  Run Bytes Sent By Job
	0  -  Run Bytes Received By Job
...
009 (2603.000.000) 08/08 11:12:45 Job was aborted by the user.
	via condor_rm (by user jmao)
...
