iConf CONFORMER     FL  occ    crg   Em0  pKa0 ne nH    vdw0    vdw1    tors    epol   dsolv   extra    history
00001 VAL01A0003_001 f 0.00  0.000     0  0.00  0  0  -0.122   1.215   0.599   0.000   0.000   0.000 01O000M000 t
00002 ILE01A0004_001 f 0.00  0.000     0  0.00  0  0   1.153  -2.778   0.415   0.000   0.000   0.000 01O000M000 t
00003 ASN01A0005_001 f 0.00  0.000     0  0.00  0  0  -0.126  -0.375   0.528  -0.570   0.695   0.000 01O000M000 t
00004 THR01A0006_001 f 0.00  0.000     0  0.00  0  0  -0.123   0.414   0.395   1.366   0.691   0.000 01O000M000 t
00005 THR01A0006_002 f 0.00  0.000     0  0.00  0  0  -0.053  -3.397   0.020  -0.887   0.245   0.000 01O000M000 t
00006 THR01A0006_003 f 0.00  0.000     0  0.00  0  0  -0.063  -3.426   0.395  -0.076   0.423   0.000 01O000M000 t
00007 PHE01A0007_001 f 0.00  0.000     0  0.00  0  0  14.554  -9.396   0.000   0.000   0.000   0.000 01O000M000 t
00008 ASP01A0008_001 f 0.00  0.000     0  0.00  0  0  -0.075  -2.302   0.461   0.101   0.322   0.000 01O000M000 t
00009 ASP01A0008_002 f 0.00  0.000     0  0.00  0  0   0.181  -2.293   0.461   0.279   0.408   0.000 01O000M000 t
00010 ASP02A0008_003 f 0.00  0.000     0  0.00  0  0  -0.080  -2.285   0.461   0.132   0.219   0.000 02O000M000 t
00011 ASP02A0008_004 f 0.00  0.000     0  0.00  0  0   0.240  -2.344   0.461   0.339  -0.122   0.000 02O000M000 t
00012 ASP-1A0008_005 f 0.00 -1.000     0  4.75  0 -1  -0.090  -2.247   0.461  -0.687   0.648  -1.400 -1O000M000 t
00013 VAL01A0010_001 f 0.00  0.000     0  0.00  0  0  -0.131  -4.786   0.002   0.000   0.000   0.000 01O000M000 t
00014 ALA01A0011_001 f 0.00  0.000     0  0.00  0  0   0.000  -2.094   0.000   0.000   0.000   0.000 01O000M000 t
00015 ASP01A0012_001 f 0.00  0.000     0  0.00  0  0  -0.092  -3.566   0.273   0.069   0.237   0.000 01O000M000 t
00016 ASP01A0012_002 f 0.00  0.000     0  0.00  0  0   0.211  -1.775   0.273   0.270   0.065   0.000 01O000M000 t
00017 ASP02A0012_003 f 0.00  0.000     0  0.00  0  0  -0.094  -3.545   0.273   0.070   0.536   0.000 02O000M000 t
00018 ASP02A0012_004 f 0.00  0.000     0  0.00  0  0   0.278  -3.620   0.273   0.060   0.060   0.000 02O000M000 t
00019 ASP-1A0012_005 f 0.00 -1.000     0  4.75  0 -1  -0.095  -3.486   0.273  -0.115   1.382  -1.400 -1O000M000 t
00020 TYR01A0013_001 f 0.00  0.000     0  0.00  0  0  13.904 -11.082   0.000  -0.111   0.514   0.000 01O000M000 t
00021 TYR01A0013_002 f 0.00  0.000     0  0.00  0  0  13.810 -11.132   0.000  -0.178   0.689   0.000 01O000M000 t
00022 TYR-1A0013_003 f 0.00 -1.000     0 10.20  0 -1  13.729 -11.045   0.000  -0.562   2.697  -0.800 -1O000M000 t
00023 LEU01A0014_001 f 0.00  0.000     0  0.00  0  0  -0.275  -8.948   0.960   0.000   0.000   0.000 01O000M000 t
00024 GLN01A0015_001 f 0.00  0.000     0  0.00  0  0   0.112  -4.013   0.940  -0.637   0.601   0.000 01O000M000 t
00025 THR01A0016_001 f 0.00  0.000     0  0.00  0  0  -0.121  -1.251   0.378  -0.497   0.278   0.000 01O000M000 t
00026 THR01A0016_002 f 0.00  0.000     0  0.00  0  0  -0.070  -1.502   0.003  -0.074  -0.033   0.000 01O000M000 t
00027 THR01A0016_003 f 0.00  0.000     0  0.00  0  0  -0.057  -1.461   0.378  -0.022   0.012   0.000 01O000M000 t
00028 TYR01A0017_001 f 0.00  0.000     0  0.00  0  0  13.757  -6.701   0.000   0.142   0.191   0.000 01O000M000 t
00029 TYR01A0017_002 f 0.00  0.000     0  0.00  0  0  13.687  -6.703   0.000   0.157   0.189   0.000 01O000M000 t
00030 TYR-1A0017_003 f 0.00 -1.000     0 10.20  0 -1  13.614  -6.697   0.000   0.054   0.742  -0.800 -1O000M000 t
00031 HIS01A0018_001 f 0.00  0.000     0  0.00  0  0  -0.437  -4.230   0.076   0.066   0.403   0.000 01O000M000 t
00032 HIS02A0018_002 f 0.00  0.000     0  0.00  0  0  -0.457  -4.202   0.076   0.247   0.798   0.000 02O000M000 t
00033 HIS+1A0018_003 f 0.00  1.000     0  6.50  0  1  -0.521  -4.328   0.076  -0.342   0.502  -1.100 +1O000M000 t
00034 LYS01A0019_001 f 0.00  0.000     0  0.00  0  0  -0.320  -3.776   4.197   0.035   0.108   0.000 01O000M000 t
00035 LYS01A0019_002 f 0.00  0.000     0  0.00  0  0  -0.296  -3.779   4.197   0.031   0.075   0.000 01O000M000 t
00036 LYS01A0019_003 f 0.00  0.000     0  0.00  0  0  -0.327  -3.779   4.197   0.038   0.147   0.000 01O000M000 t
00037 LYS+1A0019_004 f 0.00  1.000     0 10.80  0  1  -0.380  -3.800   4.197  -0.116   0.699   0.000 +1O000M000 t
00038 LEU01A0020_001 f 0.00  0.000     0  0.00  0  0  -0.288  -6.616   1.058   0.000   0.000   0.000 01O000M000 t
00039 PRO01A0021_001 f 0.00  0.000     0  0.00  0  0  -0.151  -2.946   0.000   0.000   0.000   0.000 01O000M000 t
00040 ASP01A0022_001 f 0.00  0.000     0  0.00  0  0  -0.092   5.278   0.505   0.078   0.302   0.000 01O000M000 t
00041 ASP01A0022_002 f 0.00  0.000     0  0.00  0  0   0.233  33.253   0.505   0.784   0.347   0.000 01O000M000 t
00042 ASP02A0022_003 f 0.00  0.000     0  0.00  0  0  -0.087   5.372   0.505   0.034   0.233   0.000 02O000M000 t
00043 ASP02A0022_004 f 0.00  0.000     0  0.00  0  0   0.160   5.346   0.505   0.045  -0.186   0.000 02O000M000 t
00044 ASP-1A0022_005 f 0.00 -1.000     0  4.75  0 -1  -0.094   5.418   0.505  -0.830   0.511  -1.400 -1O000M000 t
00045 ASN01A0023_001 f 0.00  0.000     0  0.00  0  0  -0.136  -2.734   0.196  -1.339   1.253   0.000 01O000M000 t
00046 TYR01A0024_001 f 0.00  0.000     0  0.00  0  0  13.788 -18.525   0.000   0.332   1.248   0.000 01O000M000 t
00047 TYR01A0024_002 f 0.00  0.000     0  0.00  0  0  13.786 -15.075   0.000  -1.037   1.249   0.000 01O000M000 t
00048 TYR-1A0024_003 f 0.00 -1.000     0 10.20  0 -1  13.690 -18.295   0.000   0.784   7.235  -0.800 -1O000M000 t
00049 ILE01A0025_001 f 0.00  0.000     0  0.00  0  0   0.984  -5.973   0.444   0.000   0.000   0.000 01O000M000 t
00050 THR01A0026_001 f 0.00  0.000     0  0.00  0  0  -0.122  -3.323   0.412   1.227   0.761   0.000 01O000M000 t
00051 THR01A0026_002 f 0.00  0.000     0  0.00  0  0  -0.057  -3.846   0.037  -1.072   0.267   0.000 01O000M000 t
00052 THR01A0026_003 f 0.00  0.000     0  0.00  0  0  -0.071  -3.947   0.412  -0.085   0.722   0.000 01O000M000 t
00053 LYS01A0027_001 f 0.00  0.000     0  0.00  0  0   0.188  -3.514   1.929   0.093   0.246   0.000 01O000M000 t
00054 LYS01A0027_002 f 0.00  0.000     0  0.00  0  0   0.224  -3.508   1.929   0.031   0.179   0.000 01O000M000 t
00055 LYS01A0027_003 f 0.00  0.000     0  0.00  0  0   0.208  -3.514   1.929   0.040   0.300   0.000 01O000M000 t
00056 LYS+1A0027_004 f 0.00  1.000     0 10.80  0  1   0.116  -3.551   1.929   1.529   1.804   0.000 +1O000M000 t
00057 SER01A0028_001 f 0.00  0.000     0  0.00  0  0  -0.009  -1.023   0.385  -0.277  -0.083   0.000 01O000M000 t
00058 SER01A0028_002 f 0.00  0.000     0  0.00  0  0  -0.009  -1.529   2.042  -0.034  -0.049   0.000 01O001M001 t
00059 SER01A0028_003 f 0.00  0.000     0  0.00  0  0  -0.013  -0.997   0.010  -0.344  -0.041   0.000 01O000M000 t
00060 SER01A0028_004 f 0.00  0.000     0  0.00  0  0  -0.009  -0.765   0.385  -0.086   0.094   0.000 01O000M000 t
00061 SER01A0028_005 f 0.00  0.000     0  0.00  0  0  -0.014  -1.504   1.667  -0.262  -0.009   0.000 01O001M001 t
00062 SER01A0028_006 f 0.00  0.000     0  0.00  0  0  -0.009  -1.497   2.042  -0.210   0.013   0.000 01O001M001 t
00063 GLU01A0029_001 f 0.00  0.000     0  0.00  0  0   0.523  -4.790   0.188  -0.307   0.301   0.000 01O000M000 t
00064 GLU01A0029_002 f 0.00  0.000     0  0.00  0  0   1.487  -1.495   0.188   1.562   0.575   0.000 01O000M000 t
00065 GLU02A0029_003 f 0.00  0.000     0  0.00  0  0   0.534  -4.672   0.188  -0.502   0.504   0.000 02O000M000 t
00066 GLU02A0029_004 f 0.00  0.000     0  0.00  0  0   0.900  -4.674   0.188  -0.463   0.016   0.000 02O000M000 t
00067 GLU-1A0029_005 f 0.00 -1.000     0  4.75  0 -1   0.553  -4.649   0.188  -1.231   1.057  -1.000 -1O000M000 t
00068 ALA01A0030_001 f 0.00  0.000     0  0.00  0  0   0.000  -2.714   0.000   0.000   0.000   0.000 01O000M000 t
00069 GLN01A0031_001 f 0.00  0.000     0  0.00  0  0   0.244  -6.583   0.522   0.007   0.085   0.000 01O000M000 t
00070 GLN01A0031_002 f 0.00  0.000     0  0.00  0  0   0.074  -5.950   0.172   0.092   0.258   0.000 01O001M001 t
00071 ALA01A0032_001 f 0.00  0.000     0  0.00  0  0   0.000  -1.987   0.000   0.000   0.000   0.000 01O000M000 t
00072 LEU01A0033_001 f 0.00  0.000     0  0.00  0  0  -0.274  -6.294   0.957   0.000   0.000   0.000 01O000M000 t
00073 TRP01A0035_001 f 0.00  0.000     0  0.00  0  0  11.966 -14.519   0.000   0.000   0.000   0.000 01O000M000 t
00074 VAL01A0036_001 f 0.00  0.000     0  0.00  0  0  -0.147  -1.827   0.001   0.000   0.000   0.000 01O000M000 t
00075 ALA01A0037_001 f 0.00  0.000     0  0.00  0  0   0.000  -0.975   0.000   0.000   0.000   0.000 01O000M000 t
00076 SER01A0038_001 f 0.00  0.000     0  0.00  0  0  -0.009  -1.291   0.608   0.045   0.027   0.000 01O000M000 t
00077 SER01A0038_002 f 0.00  0.000     0  0.00  0  0  -0.009  -0.647   0.377   0.001   0.338   0.000 01O001M001 t
00078 SER01A0038_003 f 0.00  0.000     0  0.00  0  0  -0.014  -1.230   0.232  -0.201  -0.026   0.000 01O000M000 t
00079 SER01A0038_004 f 0.00  0.000     0  0.00  0  0  -0.009  -1.243   0.607  -0.174  -0.082   0.000 01O000M000 t
00080 SER01A0038_005 f 0.00  0.000     0  0.00  0  0  -0.013  -0.802   0.002  -0.630   0.137   0.000 01O001M001 t
00081 SER01A0038_006 f 0.00  0.000     0  0.00  0  0  -0.009  -0.862   0.377   0.306   0.324   0.000 01O001M001 t
00082 LYS01A0039_001 f 0.00  0.000     0  0.00  0  0  -0.504  -3.604   2.104  -0.024  -0.030   0.000 01O000M000 t
00083 LYS01A0039_002 f 0.00  0.000     0  0.00  0  0  -0.456  -3.605   2.104  -0.026  -0.039   0.000 01O000M000 t
00084 LYS01A0039_003 f 0.00  0.000     0  0.00  0  0  -0.499  -3.605   2.104  -0.029  -0.036   0.000 01O000M000 t
00085 LYS+1A0039_004 f 0.00  1.000     0 10.80  0  1  -0.530  -3.612   2.104   0.024   0.037   0.000 +1O000M000 t
00086 ASN01A0041_001 f 0.00  0.000     0  0.00  0  0  -0.141  -2.235   0.687  -1.981   1.115   0.000 01O000M000 t
00087 LEU01A0042_001 f 0.00  0.000     0  0.00  0  0  -0.301  -5.986   0.554   0.000   0.000   0.000 01O000M000 t
00088 ALA01A0043_001 f 0.00  0.000     0  0.00  0  0   0.000  -2.430   0.000   0.000   0.000   0.000 01O000M000 t
00089 ASP01A0044_001 f 0.00  0.000     0  0.00  0  0  -0.097  -3.303   0.017   0.142   0.296   0.000 01O000M000 t
00090 ASP01A0044_002 f 0.00  0.000     0  0.00  0  0   0.265  -2.889   0.017   0.182  -0.090   0.000 01O000M000 t
00091 ASP02A0044_003 f 0.00  0.000     0  0.00  0  0  -0.096  -3.295   0.017   0.153   0.225   0.000 02O000M000 t
00092 ASP02A0044_004 f 0.00  0.000     0  0.00  0  0   0.198  -3.390   0.017   0.215  -0.007   0.000 02O000M000 t
00093 ASP-1A0044_005 f 0.00 -1.000     0  4.75  0 -1  -0.096  -3.233   0.017  -0.400   0.382  -1.400 -1O000M000 t
00094 VAL01A0045_001 f 0.00  0.000     0  0.00  0  0  -0.144  -6.178   0.094   0.000   0.000   0.000 01O000M000 t
00095 ALA01A0046_001 f 0.00  0.000     0  0.00  0  0   0.000  -0.430   0.000   0.000   0.000   0.000 01O000M000 t
00096 PRO01A0047_001 f 0.00  0.000     0  0.00  0  0  -0.148  -0.911   0.000   0.000   0.000   0.000 01O000M000 t
00097 LYS01A0049_001 f 0.00  0.000     0  0.00  0  0  -0.551  -9.454   2.276   0.046   0.088   0.000 01O000M000 t
00098 LYS01A0049_002 f 0.00  0.000     0  0.00  0  0  -0.512  -9.503   2.276   0.011   0.029   0.000 01O000M000 t
00099 LYS01A0049_003 f 0.00  0.000     0  0.00  0  0  -0.547  -9.256   2.276  -0.238   0.134   0.000 01O000M000 t
00100 LYS+1A0049_004 f 0.00  1.000     0 10.80  0  1  -0.586  -9.363   2.276  -0.907   0.874   0.000 +1O000M000 t
00101 SER01A0050_001 f 0.00  0.000     0  0.00  0  0  -0.009  -3.850   0.546  -0.420   0.583   0.000 01O000M000 t
00102 SER01A0050_002 f 0.00  0.000     0  0.00  0  0  -0.014  -3.784   0.171  -0.140   0.794   0.000 01O000M000 t
00103 SER01A0050_003 f 0.00  0.000     0  0.00  0  0  -0.009  -3.827   0.546   0.142   0.773   0.000 01O000M000 t
00104 ILE01A0051_001 f 0.00  0.000     0  0.00  0  0   1.088  -2.628   0.463   0.000   0.000   0.000 01O000M000 t
00105 ASP01A0054_001 f 0.00  0.000     0  0.00  0  0  -0.088  -4.875   0.014  -0.210   0.967   0.000 01O000M000 t
00106 ASP01A0054_002 f 0.00  0.000     0  0.00  0  0   0.318  -4.768   0.014  -0.840   0.404   0.000 01O000M000 t
00107 ASP02A0054_003 f 0.00  0.000     0  0.00  0  0  -0.090  10.543   0.014   1.747   1.004   0.000 02O000M000 t
00108 ASP02A0054_004 f 0.00  0.000     0  0.00  0  0   0.148  -4.854   0.014   0.037   0.479   0.000 02O000M000 t
00109 ASP-1A0054_005 f 0.00 -1.000     0  4.75  0 -1  -0.093  -4.658   0.014  -3.283   2.906  -1.400 -1O000M000 t
00110 ILE01A0055_001 f 0.00  0.000     0  0.00  0  0   5.964  -0.411   0.788   0.000   0.000   0.000 01O000M000 t
00111 PHE01A0056_001 f 0.00  0.000     0  0.00  0  0  13.833  -7.935   0.000   0.000   0.000   0.000 01O000M000 t
00112 SER01A0057_001 f 0.00  0.000     0  0.00  0  0  -0.009   0.340   0.666  -0.524   0.216   0.000 01O000M000 t
00113 SER01A0057_002 f 0.00  0.000     0  0.00  0  0  -0.014   0.351   0.291  -0.348   0.196   0.000 01O000M000 t
00114 SER01A0057_003 f 0.00  0.000     0  0.00  0  0  -0.009   1.024   0.666   0.296   0.584   0.000 01O000M000 t
00115 ASN01A0058_001 f 0.00  0.000     0  0.00  0  0  -0.131  -1.216   0.702  -1.693   0.858   0.000 01O000M000 t
00116 ARG01A0059_001 f 0.00  0.000     0  0.00  0  0  -0.259   4.405  16.090   0.153   0.046   0.000 01O000M000 t
00117 ARG02A0059_002 f 0.00  0.000     0  0.00  0  0  -0.224   4.398  16.090   0.103   0.142   0.000 02O000M000 t
00118 ARG02A0059_003 f 0.00  0.000     0  0.00  0  0  -0.257   4.390  16.090   0.147   0.388   0.000 02O000M000 t
00119 ARG03A0059_004 f 0.00  0.000     0  0.00  0  0  -0.250   4.391  16.090   0.102   0.203   0.000 03O000M000 t
00120 ARG03A0059_005 f 0.00  0.000     0  0.00  0  0  -0.268   4.388  16.090   0.142   0.408   0.000 03O000M000 t
00121 ARG+1A0059_006 f 0.00  1.000     0 12.50  0  1  -0.328   4.385  16.090   0.912   0.342   0.000 +1O000M000 t
00122 GLU01A0060_001 f 0.00  0.000     0  0.00  0  0   1.029  -3.002   0.116   0.002   0.213   0.000 01O000M000 t
00123 GLU01A0060_002 f 0.00  0.000     0  0.00  0  0   3.755  -3.041   0.116   0.496   0.024   0.000 01O000M000 t
00124 GLU02A0060_003 f 0.00  0.000     0  0.00  0  0   1.046  -2.961   0.116  -0.074   0.544   0.000 02O000M000 t
00125 GLU02A0060_004 f 0.00  0.000     0  0.00  0  0   1.324  -2.960   0.116  -0.066   0.029   0.000 02O000M000 t
00126 GLU-1A0060_005 f 0.00 -1.000     0  4.75  0 -1   1.056  -2.941   0.116  -0.673   1.138  -1.000 -1O000M000 t
00127 LYS01A0062_001 f 0.00  0.000     0  0.00  0  0  -0.151  -5.434   4.862   0.027   0.091   0.000 01O000M000 t
00128 LYS01A0062_002 f 0.00  0.000     0  0.00  0  0  -0.113  -5.391   4.862   0.093   0.147   0.000 01O000M000 t
00129 LYS01A0062_003 f 0.00  0.000     0  0.00  0  0  -0.145  -5.367   4.862   0.114   0.204   0.000 01O000M000 t
00130 LYS+1A0062_004 f 0.00  1.000     0 10.80  0  1  -0.196  -5.539   4.862  -0.233   1.138   0.000 +1O000M000 t
00131 LEU01A0063_001 f 0.00  0.000     0  0.00  0  0  -0.230  -4.403   0.559   0.000   0.000   0.000 01O000M000 t
00132 PRO01A0064_001 f 0.00  0.000     0  0.00  0  0  -0.145   0.235   0.000   0.000   0.000   0.000 01O000M000 t
00133 LYS01A0066_001 f 0.00  0.000     0  0.00  0  0  -0.602  -2.483   0.937  -0.005  -0.106   0.000 01O000M000 t
00134 LYS01A0066_002 f 0.00  0.000     0  0.00  0  0  -0.564  -2.483   0.937   0.001   0.008   0.000 01O000M000 t
00135 LYS01A0066_003 f 0.00  0.000     0  0.00  0  0  -0.602  -2.482   0.937  -0.007  -0.007   0.000 01O000M000 t
00136 LYS+1A0066_004 f 0.00  1.000     0 10.80  0  1  -0.638  -2.491   0.937  -0.051   0.053   0.000 +1O000M000 t
00137 SER01A0067_001 f 0.00  0.000     0  0.00  0  0  -0.009   0.348   2.980   0.098   0.081   0.000 01O000M000 t
00138 SER01A0067_002 f 0.00  0.000     0  0.00  0  0  -0.014   0.280   2.605  -0.315   0.002   0.000 01O000M000 t
00139 SER01A0067_003 f 0.00  0.000     0  0.00  0  0  -0.009   0.254   2.980  -0.039  -0.058   0.000 01O000M000 t
00140 ARG01A0069_001 f 0.00  0.000     0  0.00  0  0   0.643  -7.695   1.836  -0.768   1.516   0.000 01O000M000 t
00141 ARG02A0069_002 f 0.00  0.000     0  0.00  0  0   0.461  -8.024   1.836   0.348   1.544   0.000 02O000M000 t
00142 ARG02A0069_003 f 0.00  0.000     0  0.00  0  0   0.641  -7.629   1.836  -0.313   1.426   0.000 02O000M000 t
00143 ARG03A0069_004 f 0.00  0.000     0  0.00  0  0   0.642  -7.747   1.836  -0.445   1.432   0.000 03O000M000 t
00144 ARG03A0069_005 f 0.00  0.000     0  0.00  0  0   0.625  -7.755   1.836  -0.304   1.453   0.000 03O000M000 t
00145 ARG+1A0069_006 f 0.00  1.000     0 12.50  0  1   0.563  -7.779   1.836   0.168   2.745   0.000 +1O000M000 t
00146 THR01A0070_001 f 0.00  0.000     0  0.00  0  0  -0.121  -1.761   0.486  -0.077   0.113   0.000 01O000M000 t
00147 THR01A0070_002 f 0.00  0.000     0  0.00  0  0  -0.034  -1.652   0.111  -0.191  -0.086   0.000 01O000M000 t
00148 THR01A0070_003 f 0.00  0.000     0  0.00  0  0  -0.019  -1.678   0.486  -0.116  -0.002   0.000 01O000M000 t
00149 TRP01A0071_001 f 0.00  0.000     0  0.00  0  0  11.667 -18.901   0.000   0.000   0.000   0.000 01O000M000 t
00150 ARG01A0072_001 f 0.00  0.000     0  0.00  0  0  -0.121  -6.146   1.467  -0.388   0.585   0.000 01O000M000 t
00151 ARG02A0072_002 f 0.00  0.000     0  0.00  0  0  -0.102  -8.881   1.467   0.326   0.705   0.000 02O000M000 t
00152 ARG02A0072_003 f 0.00  0.000     0  0.00  0  0  -0.124  -6.065   1.467  -0.543   0.884   0.000 02O000M000 t
00153 ARG03A0072_004 f 0.00  0.000     0  0.00  0  0  -0.126  -6.165   1.467  -0.415   0.787   0.000 03O000M000 t
00154 ARG03A0072_005 f 0.00  0.000     0  0.00  0  0  -0.142  -6.163   1.467  -0.480   0.798   0.000 03O000M000 t
00155 ARG+1A0072_006 f 0.00  1.000     0 12.50  0  1  -0.205  -6.180   1.467  -0.574   0.928   0.000 +1O000M000 t
00156 GLU01A0073_001 f 0.00  0.000     0  0.00  0  0   0.052  -5.201   0.420   0.091   0.734   0.000 01O000M000 t
00157 GLU01A0073_002 f 0.00  0.000     0  0.00  0  0   0.435  -5.321   0.420   0.424   0.569   0.000 01O000M000 t
00158 GLU02A0073_003 f 0.00  0.000     0  0.00  0  0   0.065  -5.194   0.420  -0.085   0.810   0.000 02O000M000 t
00159 GLU02A0073_004 f 0.00  0.000     0  0.00  0  0   0.322  -5.278   0.420  -0.062   0.390   0.000 02O000M000 t
00160 GLU-1A0073_005 f 0.00 -1.000     0  4.75  0 -1   0.073  -5.165   0.420  -1.616   3.102  -1.000 -1O000M000 t
00161 ALA01A0074_001 f 0.00  0.000     0  0.00  0  0   0.000  -2.265   0.000   0.000   0.000   0.000 01O000M000 t
00162 ASP01A0075_001 f 0.00  0.000     0  0.00  0  0  -0.097  -5.068   0.431  -0.142   1.202   0.000 01O000M000 t
00163 ASP01A0075_002 f 0.00  0.000     0  0.00  0  0   0.161  -3.713   0.431  -0.078   1.018   0.000 01O000M000 t
00164 ASP02A0075_003 f 0.00  0.000     0  0.00  0  0  -0.107  -5.040   0.431  -0.001   1.225   0.000 02O000M000 t
00165 ASP02A0075_004 f 0.00  0.000     0  0.00  0  0   0.285  -5.091   0.431   0.241   1.171   0.000 02O000M000 t
00166 ASP-1A0075_005 f 0.00 -1.000     0  4.75  0 -1  -0.098  -4.960   0.431  -2.244   5.863  -1.400 -1O000M000 t
00167 ILE01A0076_001 f 0.00  0.000     0  0.00  0  0   0.668  -8.711   0.605   0.000   0.000   0.000 01O000M000 t
00168 ASN01A0077_001 f 0.00  0.000     0  0.00  0  0  -0.119  -0.203   0.138  -0.043   0.476   0.000 01O000M000 t
00169 TYR01A0078_001 f 0.00  0.000     0  0.00  0  0  13.861 -16.541   0.000   0.031   1.102   0.000 01O000M000 t
00170 TYR01A0078_002 f 0.00  0.000     0  0.00  0  0  13.776 -12.492   0.000  -1.397   1.128   0.000 01O000M000 t
00171 TYR-1A0078_003 f 0.00 -1.000     0 10.20  0 -1  13.687 -16.162   0.000  -1.811   5.174  -0.800 -1O000M000 t
00172 THR01A0079_001 f 0.00  0.000     0  0.00  0  0  -0.123  -1.684   0.409   0.169   0.242   0.000 01O000M000 t
00173 THR01A0079_002 f 0.00  0.000     0  0.00  0  0  -0.036  -1.821   0.034  -0.412   0.015   0.000 01O000M000 t
00174 THR01A0079_003 f 0.00  0.000     0  0.00  0  0  -0.037  -1.891   0.409  -0.070   0.092   0.000 01O000M000 t
00175 SER01A0080_001 f 0.00  0.000     0  0.00  0  0  -0.010  -0.483   0.411  -0.012   0.019   0.000 01O000M000 t
00176 SER01A0080_002 f 0.00  0.000     0  0.00  0  0  -0.014  -0.557   0.036  -0.292   0.048   0.000 01O000M000 t
00177 SER01A0080_003 f 0.00  0.000     0  0.00  0  0  -0.010  -0.654   0.411  -0.166   0.155   0.000 01O000M000 t
00178 PHE01A0082_001 f 0.00  0.000     0  0.00  0  0  14.809 -10.483   0.000   0.000   0.000   0.000 01O000M000 t
00179 ARG01A0083_001 f 0.00  0.000     0  0.00  0  0   0.558  -4.008   1.335  -0.137   1.242   0.000 01O000M000 t
00180 ARG02A0083_002 f 0.00  0.000     0  0.00  0  0   0.397  -4.051   1.335   0.143   1.117   0.000 02O000M000 t
00181 ARG02A0083_003 f 0.00  0.000     0  0.00  0  0   0.555  -4.056   1.335   0.143   1.296   0.000 02O000M000 t
00182 ARG03A0083_004 f 0.00  0.000     0  0.00  0  0   0.561  -4.011   1.335  -0.089   1.153   0.000 03O000M000 t
00183 ARG03A0083_005 f 0.00  0.000     0  0.00  0  0   0.539  -4.042   1.335   0.021   1.250   0.000 03O000M000 t
00184 ARG+1A0083_006 f 0.00  1.000     0 12.50  0  1   0.480  -4.066   1.335   1.602   2.792   0.000 +1O000M000 t
00185 ASN01A0084_001 f 0.00  0.000     0  0.00  0  0  -0.124   1.484   0.202  -1.207   1.184   0.000 01O000M000 t
00186 SER01A0085_001 f 0.00  0.000     0  0.00  0  0  -0.009  -2.688   0.460  -0.147   0.568   0.000 01O000M000 t
00187 SER01A0085_002 f 0.00  0.000     0  0.00  0  0  -0.009  -2.792   0.632  -0.139   0.200   0.000 01O001M001 t
00188 SER01A0085_003 f 0.00  0.000     0  0.00  0  0  -0.014  -2.715   0.085  -0.463   0.199   0.000 01O000M000 t
00189 SER01A0085_004 f 0.00  0.000     0  0.00  0  0  -0.009  -2.699   0.460   0.114   0.234   0.000 01O000M000 t
00190 SER01A0085_005 f 0.00  0.000     0  0.00  0  0  -0.013  -2.743   0.257  -0.252   0.137   0.000 01O001M001 t
00191 SER01A0085_006 f 0.00  0.000     0  0.00  0  0  -0.009  -2.772   0.632  -0.016   0.635   0.000 01O001M001 t
00192 ASP01A0086_001 f 0.00  0.000     0  0.00  0  0  -0.087  -5.009   0.053   0.121   0.521   0.000 01O000M000 t
00193 ASP01A0086_002 f 0.00  0.000     0  0.00  0  0   0.155  -4.121   0.053   0.498   0.794   0.000 01O000M000 t
00194 ASP02A0086_003 f 0.00  0.000     0  0.00  0  0  -0.092  -4.929   0.053   0.066   0.517   0.000 02O000M000 t
00195 ASP02A0086_004 f 0.00  0.000     0  0.00  0  0   0.203  -5.028   0.053   0.017   0.802   0.000 02O000M000 t
00196 ASP-1A0086_005 f 0.00 -1.000     0  4.75  0 -1  -0.099  -4.877   0.053  -0.777   2.040  -1.400 -1O000M000 t
00197 ARG01A0087_001 f 0.00  0.000     0  0.00  0  0   0.514 -10.045   1.253  -0.976   1.804   0.000 01O000M000 t
00198 ARG02A0087_002 f 0.00  0.000     0  0.00  0  0   0.400 -10.689   1.253  -0.341   1.791   0.000 02O000M000 t
00199 ARG02A0087_003 f 0.00  0.000     0  0.00  0  0   0.503 -10.064   1.253  -0.654   1.777   0.000 02O000M000 t
00200 ARG03A0087_004 f 0.00  0.000     0  0.00  0  0   0.496 -10.040   1.253  -0.921   1.715   0.000 03O000M000 t
00201 ARG03A0087_005 f 0.00  0.000     0  0.00  0  0   0.478 -10.288   1.253  -0.196   1.759   0.000 03O000M000 t
00202 ARG+1A0087_006 f 0.00  1.000     0 12.50  0  1   0.421 -10.090   1.253  -0.260   3.749   0.000 +1O000M000 t
00203 ILE01A0088_001 f 0.00  0.000     0  0.00  0  0   0.704  -7.654   1.826   0.000   0.000   0.000 01O000M000 t
00204 LEU01A0089_001 f 0.00  0.000     0  0.00  0  0  -0.322  -7.108   1.559   0.000   0.000   0.000 01O000M000 t
00205 TYR01A0090_001 f 0.00  0.000     0  0.00  0  0  13.820 -13.045   0.000  -0.062   0.797   0.000 01O000M000 t
00206 TYR01A0090_002 f 0.00  0.000     0  0.00  0  0  13.844 -13.190   0.000   0.342   1.011   0.000 01O000M000 t
00207 TYR-1A0090_003 f 0.00 -1.000     0 10.20  0 -1  13.755 -12.949   0.000  -0.774   4.133  -0.800 -1O000M000 t
00208 SER01A0091_001 f 0.00  0.000     0  0.00  0  0  -0.009  -3.900   0.516   0.927   0.944   0.000 01O000M000 t
00209 SER01A0091_002 f 0.00  0.000     0  0.00  0  0  -0.013  -4.033   0.141  -0.764   0.935   0.000 01O000M000 t
00210 SER01A0091_003 f 0.00  0.000     0  0.00  0  0  -0.009  -3.844   0.516  -0.051   0.947   0.000 01O000M000 t
00211 SER01A0092_001 f 0.00  0.000     0  0.00  0  0  -0.010  -2.826   1.001  -0.393   0.389   0.000 01O000M000 t
00212 SER01A0092_002 f 0.00  0.000     0  0.00  0  0  -0.014  -2.914   0.626  -0.608   0.545   0.000 01O000M000 t
00213 SER01A0092_003 f 0.00  0.000     0  0.00  0  0  -0.009  -2.496   1.001   1.074   0.779   0.000 01O000M000 t
00214 ASP01A0093_001 f 0.00  0.000     0  0.00  0  0  -0.095  -1.442   0.009   0.058   1.007   0.000 01O000M000 t
00215 ASP01A0093_002 f 0.00  0.000     0  0.00  0  0   0.211   5.056   0.009   2.224   0.756   0.000 01O000M000 t
00216 ASP02A0093_003 f 0.00  0.000     0  0.00  0  0  -0.103  -1.359   0.009  -0.766   1.109   0.000 02O000M000 t
00217 ASP02A0093_004 f 0.00  0.000     0  0.00  0  0   0.166  -1.373   0.009  -0.974   0.442   0.000 02O000M000 t
00218 ASP-1A0093_005 f 0.00 -1.000     0  4.75  0 -1  -0.101  -1.310   0.009  -2.239   3.179  -1.400 -1O000M000 t
00219 TRP01A0094_001 f 0.00  0.000     0  0.00  0  0  11.958 -12.369   0.000   0.000   0.000   0.000 01O000M000 t
00220 LEU01A0095_001 f 0.00  0.000     0  0.00  0  0  -0.260  -3.701   0.402   0.000   0.000   0.000 01O000M000 t
00221 ILE01A0096_001 f 0.00  0.000     0  0.00  0  0   2.648  -7.326   1.210   0.000   0.000   0.000 01O000M000 t
00222 ILE01A0096_002 f 0.00  0.000     0  0.00  0  0   1.772  -7.673   0.528   0.000   0.000   0.000 01O001M001 t
00223 TYR01A0097_001 f 0.00  0.000     0  0.00  0  0  13.865 -12.280   0.000   0.100   0.640   0.000 01O000M000 t
00224 TYR01A0097_002 f 0.00  0.000     0  0.00  0  0  13.884 -12.280   0.000   0.221   0.671   0.000 01O000M000 t
00225 TYR-1A0097_003 f 0.00 -1.000     0 10.20  0 -1  13.776 -12.251   0.000  -1.036   3.064  -0.800 -1O000M000 t
00226 LYS01A0098_001 f 0.00  0.000     0  0.00  0  0  -0.275  -2.197   5.321  -0.026   0.010   0.000 01O000M000 t
00227 LYS01A0098_002 f 0.00  0.000     0  0.00  0  0  -0.219  -2.197   5.321  -0.032   0.030   0.000 01O000M000 t
00228 LYS01A0098_003 f 0.00  0.000     0  0.00  0  0  -0.279  -2.197   5.321  -0.037   0.039   0.000 01O000M000 t
00229 LYS+1A0098_004 f 0.00  1.000     0 10.80  0  1  -0.295  -2.211   5.321   0.470   0.464   0.000 +1O000M000 t
00230 THR01A0099_001 f 0.00  0.000     0  0.00  0  0  -0.122  -7.685   0.395  -0.998   0.862   0.000 01O000M000 t
00231 THR01A0099_002 f 0.00  0.000     0  0.00  0  0  -0.020  -7.096   0.020   0.480   0.891   0.000 01O000M000 t
00232 THR01A0099_003 f 0.00  0.000     0  0.00  0  0  -0.037  -7.486   0.395   1.043   0.900   0.000 01O000M000 t
00233 THR01A0100_001 f 0.00  0.000     0  0.00  0  0  -0.123  -1.682   0.452  -0.040   0.095   0.000 01O000M000 t
00234 THR01A0100_002 f 0.00  0.000     0  0.00  0  0  -0.051  -1.693   0.077  -0.362  -0.001   0.000 01O000M000 t
00235 THR01A0100_003 f 0.00  0.000     0  0.00  0  0  -0.050  -1.725   0.452   0.091   0.088   0.000 01O000M000 t
00236 ASP01A0101_001 f 0.00  0.000     0  0.00  0  0  -0.084  43.384   0.025   1.400   1.015   0.000 01O000M000 t
00237 ASP01A0101_002 f 0.00  0.000     0  0.00  0  0   0.132   0.333   0.025   1.357   0.855   0.000 01O000M000 t
00238 ASP02A0101_003 f 0.00  0.000     0  0.00  0  0  -0.092  -2.116   0.025  -0.888   1.272   0.000 02O000M000 t
00239 ASP02A0101_004 f 0.00  0.000     0  0.00  0  0   0.252  -1.929   0.025  -1.626   0.496   0.000 02O000M000 t
00240 ASP-1A0101_005 f 0.00 -1.000     0  4.75  0 -1  -0.101  -1.834   0.025  -3.904   3.540  -1.400 -1O000M000 t
00241 HIS01A0102_001 f 0.00  0.000     0  0.00  0  0  -0.426  -3.111   2.027   0.076   0.554   0.000 01O000M000 t
00242 HIS02A0102_002 f 0.00  0.000     0  0.00  0  0  -0.445  -3.135   2.027   0.324   0.950   0.000 02O000M000 t
00243 HIS+1A0102_003 f 0.00  1.000     0  6.50  0  1  -0.509  -3.227   2.027   0.579   0.851  -1.100 +1O000M000 t
00244 TYR01A0103_001 f 0.00  0.000     0  0.00  0  0  13.640  -0.043   0.000  -0.154   0.631   0.000 01O000M000 t
00245 TYR01A0103_002 f 0.00  0.000     0  0.00  0  0  13.549  -0.056   0.000   0.083   0.914   0.000 01O000M000 t
00246 TYR-1A0103_003 f 0.00 -1.000     0 10.20  0 -1  13.499  -0.025   0.000  -1.521   3.238  -0.800 -1O000M000 t
00247 GLN01A0104_001 f 0.00  0.000     0  0.00  0  0  -0.244  -4.076   0.265  -0.268   0.286   0.000 01O000M000 t
00248 THR01A0105_001 f 0.00  0.000     0  0.00  0  0  -0.123  -0.932   0.448  -0.056   0.265   0.000 01O000M000 t
00249 THR01A0105_002 f 0.00  0.000     0  0.00  0  0  -0.035  -1.080   0.073  -0.445   0.134   0.000 01O000M000 t
00250 THR01A0105_003 f 0.00  0.000     0  0.00  0  0  -0.062  -1.188   0.448   0.169   0.547   0.000 01O000M000 t
00251 PHE01A0106_001 f 0.00  0.000     0  0.00  0  0  14.130 -11.219   0.000   0.000   0.000   0.000 01O000M000 t
00252 THR01A0107_001 f 0.00  0.000     0  0.00  0  0  -0.124  -1.963   0.380  -0.138   0.566   0.000 01O000M000 t
00253 THR01A0107_002 f 0.00  0.000     0  0.00  0  0  -0.056  -1.999   0.005  -0.279   0.281   0.000 01O000M000 t
00254 THR01A0107_003 f 0.00  0.000     0  0.00  0  0  -0.074  -2.129   0.381  -0.037   0.261   0.000 01O000M000 t
00255 LYS01A0108_001 f 0.00  0.000     0  0.00  0  0  -0.340  -4.636   1.086   0.046   0.313   0.000 01O000M000 t
00256 LYS01A0108_002 f 0.00  0.000     0  0.00  0  0  -0.310  -4.851   1.086  -0.114   0.224   0.000 01O000M000 t
00257 LYS01A0108_003 f 0.00  0.000     0  0.00  0  0  -0.351  -4.848   1.086   0.261   0.321   0.000 01O000M000 t
00258 LYS+1A0108_004 f 0.00  1.000     0 10.80  0  1  -0.384  -4.968   1.086   1.252   2.311   0.000 +1O000M000 t
00259 ILE01A0109_001 f 0.00  0.000     0  0.00  0  0   0.220  -6.442   0.478   0.000   0.000   0.000 01O000M000 t
00260 ARG01A0110_001 f 0.00  0.000     0  0.00  0  0   0.661  -3.734   1.035  -0.440   1.093   0.000 01O000M000 t
00261 ARG02A0110_002 f 0.00  0.000     0  0.00  0  0   0.500  -6.204   1.035   0.266   1.121   0.000 02O000M000 t
00262 ARG02A0110_003 f 0.00  0.000     0  0.00  0  0   0.645  -3.721   1.035  -0.530   1.246   0.000 02O000M000 t
00263 ARG03A0110_004 f 0.00  0.000     0  0.00  0  0   0.642  -3.679   1.035  -0.421   1.151   0.000 03O000M000 t
00264 ARG03A0110_005 f 0.00  0.000     0  0.00  0  0   0.622  -3.661   1.035  -0.533   1.185   0.000 03O000M000 t
00265 ARG+1A0110_006 f 0.00  1.000     0 12.50  0  1   0.564  -3.805   1.035  -0.490   2.003   0.000 +1O000M000 t
