===========================================================
<<< MCCE Multi-Conformation Continuum Electrostatics >>>   
-----------------------------------------------------------
Version:        2.7                                        
Home Page:      http://pka.engr.ccny.cuny.edu/~mcce        
Support:        jmao@ccny.cuny.edu                         
Developed by:   Junjun Mao, Yifan Song, Marilyn Gunner     
===========================================================
Last Updates:                                              
   03/23/2011  Two coding enhancement added to MCCE2.3     
               In memory parameter loading                 
               energy lookup table in text, non-0 only     
===========================================================
Step 0. Loading parameters
   Load run control file "run.prm"...
   Done

   Tentatively load local param file "new.tpl"...   No such file, ignore.
   Done

   Load parameters from directory "/home/jmao/MCCE/mcce2.7/param08" ... 
   Done

   Load linear free energy correction parameters from "/home/jmao/MCCE/mcce2.7/extra.tpl".../home/jmao/MCCE/mcce2.7/extra.tpl
   File loaded.
   Done

Step 0 Done.

Step 1. Test and format structral file
   Read pdb file "prot.pdb"...
   Done

   Read name rule file "/home/mcce/MCCE/mcce2.7/name.txt"...
   WARNNING: premcce(): "Failed opening file "/home/mcce/MCCE/mcce2.7/name.txt""
                        Assuming no renaming
   Done

   Rename residue and atom names...
   Done

   Label backbone, sidechain and altLoc conformers...
   Done

   Load pdb lines into data structure...
   Done

   Strip water molecules with SAS >   5%...
        0 water/salt molecules were stripped off in this round
   Total deleted HOH = 0.
   Done

   Check missing heavy atoms and complete altLoc conformers...
   Done

   Find distance clash (<2.000)...
   No clash found.
   Done

   Make connectivity network ...
   Done.

   1 TORSION parameters were guessed and recorded in file debug.log.
   Modify and put them into a param file to have the full control.
   load list_rot.gold and define "hot" sites.

   Total time for step1 (premcce) is 0 seconds.

   Output files:
      step1_out.pdb         will be the input of step 2.
      head1.lst             rotamer making control file for step 2
      acc.atm               atom solvent accessible surface
      acc.res               residue solvent accessible surface
      head1.lst             rotamer making instruction, used in step2

Step 1 Done.

Step 2. Make multi side chain conformers
   Load step 1 output file step1_out.pdb...
   Done

   Rotamer statistics is dynamically updated in file "rot_stat"

   Remove redundant heavy atom conformers in step1_out.pdb
   0 conformers were deleted.
   Done


   Relax crystal water..
   Done

   Prepare for rotamer making ...
   Deleting H atoms...856 H atoms were deleted.
   Assigning radii.
   Estimating Solvent Accessible Surface (SAS).
   Done.



   Delete duplicate conformers ... 0 conformers deleted.
   Done

   Prune rotamers by self VDW potential...
   Creating connectivity table...
   Computing self VDW potential. It may take a while...
   Warning! assign_crg(): missing parameter(s), default value is used and saved in debug.log.
   Pruning rotamers...0 rotamers deleted.
   Done


   Tuning exposed rotamers...
   Done


   Repack side chains 5000 times, remove inaccessible conformers...
   Computing pairwise LJ potential. This may take a while.
      Estimated time on AMD 1.6GHz is 0 seconds.
      Actual time is 0
   Repacking in progress, see progress.log for details...
   Done


   Making ionization conformers...
   Done


   Add H atoms...
   1 TORSION parameters were guessed and recorded in file debug.log.
   Modify and put them into a param file to have the full control.
   Done


   NOT optimizing hydroxyl and water...
   Done


   Sorting conformers...
   Done

   Warning! assign_crg(): missing parameter(s), default value is used and saved in debug.log.
   Delete duplicate conformers ...
   Done



   Write output...
   Done

   Total time for step2 (rotamer making) is 2 seconds.

   Output files:
      step2_out.pdb   : mcce pdb file, the input of step 3
      head2.lst       : conformer summary
      step2_out.full  : rotamers without pairwise pruning.
      hvrot.pdb       : heavy atom rotamers, can be used recursively by step 2

Step 2 Done.

Step 3. Compute energy lookup table
   Load step 2 output file step2_out.pdb...
   Done

   Reporting non integer conformer charge ...
   Passed, no non-integer charges
   Done

   Creating connectivity table...
   Done

   Preparing DelPhi runs at epsilon 8.00 ...
      3 focusing runs required for this protein.
   Done

   Computing pairwise from conformer 1 to 265 of 265 total conformers
      see progress.log for progress...
   Done

   Computing RXN from conformer 1 to 265 of 265 total conformers
      see progress.log for progress...
   Done

   Add dummy conformers ... 0 dummy conformers were added.
   Done

   Making pairwise energy matrices and conformer summary ... 
   Open file /home/jmao/MCCE/1a2p_a/energies/NTR01A0003_001.opp to read error
   Done

   Total time for step3 (energy calculation) is 1205 seconds.

   Output files (epsilon = 8.00):
      energies.opp    : energy lookup table, use opp to decode the file
      head3.lst       : conformer summary

Step 3 Done.

Not doing "Step 4. Monte Carlo Sampling"

